<?xml version="1.0" encoding="UTF-8"?>
<persistence version="2.0"
	xmlns="http://java.sun.com/xml/ns/persistence">
	<persistence-unit name="unihub-pu"
		transaction-type="JTA">

		<provider>org.hibernate.ejb.HibernatePersistence</provider>

		<jta-data-source>UNIHUBDS</jta-data-source>

		<class>ch.unihub.dom.User</class>
		<class>ch.unihub.dom.AccountConfirmation</class>
		<class>ch.unihub.dom.Curriculum</class>
		<class>ch.unihub.dom.ResetPasswordRequest</class>
		<class>ch.unihub.dom.Role</class>

		<properties>
			<property name="javax.persistence.jdbc.driver" value="com.mysql.jdbc.Driver" />
			<property name="javax.persistence.jdbc.url" value="jdbc:mysql://localhost:13306/ACADEMI-CO_DB" />
			<property name="javax.persistence.jdbc.user" value="root" />
			<property name="javax.persistence.jdbc.password" value="admin" />
			<property name="hibernate.hbm2ddl.auto" value="create-drop" />
			<property name="hibernate.show_sql" value="true" />
		</properties>
	</persistence-unit>
</persistence>
